ERROR 2024-05-21 21:45:56,952 Authentication assets.py 33 MentorSignup message - Error creating a mentorname 'urlsafe_base64_encode' is not defined
WARNING 2024-05-21 21:46:50,993 Authentication assets.py 31 MentorSignup message - Email already exists
ERROR 2024-05-21 21:47:26,638 Authentication assets.py 33 MentorSignup message - Error creating a mentorname 'urlsafe_base64_encode' is not defined
ERROR 2024-05-21 21:49:29,739 Authentication assets.py 33 MentorSignup message - Error creating a mentorname 'encryptData' is not defined
ERROR 2024-05-21 21:50:05,025 Authentication assets.py 33 MentorSignup message - Error creating a mentorname 'x' is not defined
ERROR 2024-05-21 21:52:58,674 Authentication assets.py 32 MentorSignup message - Error creating a mentorCould not parse the remainder: '-mail' from 'verify-mail'
WARNING 2024-05-21 21:56:13,345 Authentication assets.py 30 MentorSignup message - Email already exists
ERROR 2024-05-21 21:56:28,156 Authentication assets.py 32 MentorSignup message - Error creating a mentorCould not parse the remainder: ' + verifyMail' from 'BASE_URL + verifyMail'
WARNING 2024-05-21 21:58:12,368 Authentication assets.py 30 MentorSignup message - Email already exists
WARNING 2024-05-21 22:00:57,841 Authentication assets.py 31 getMenteeDetails message - Email not verified
ERROR 2024-05-21 22:11:56,983 Authentication assets.py 33 user_login message - Error while Login  JSON parse error - Expecting ':' delimiter: line 4 column 17 (char 100)
ERROR 2024-05-21 22:12:27,689 Authentication assets.py 33 user_login message - Invalid Credentials
ERROR 2024-05-21 22:13:25,250 Authentication assets.py 33 user_login message - Error while Login  name 'get_or_create_jwt' is not defined
ERROR 2024-05-26 00:11:16,594 Authentication assets.py 33 VerifyMentee message - Error verifying email Mentee matching query does not exist.
WARNING 2024-05-26 00:25:50,221 Authentication assets.py 31 getMenteeDetails message - Email not verified
WARNING 2024-05-26 00:26:12,077 Authentication assets.py 31 getMenteeDetails message - Email not verified
WARNING 2024-05-26 00:26:28,067 Authentication assets.py 31 getMenteeDetails message - Email not verified
WARNING 2024-05-26 00:27:25,269 Authentication assets.py 31 getMenteeDetails message - Email not verified
WARNING 2024-05-26 00:27:43,334 Authentication assets.py 31 getMenteeDetails message - Email not verified
ERROR 2024-05-26 00:27:58,305 Authentication assets.py 33 getMenteeDetails message - Error saving mentor details - 'QuerySet' object has no attribute 'user_type'
ERROR 2024-05-26 00:37:08,649 Authentication assets.py 33 MenteeSignup message - Error creating a mentee[WinError 10060] A connection attempt failed because the connected party did not properly respond after a period of time, or established connection failed because connected host has failed to respond
ERROR 2024-05-26 00:38:08,640 Authentication assets.py 33 MenteeSignup message - Error creating a mentee[WinError 10060] A connection attempt failed because the connected party did not properly respond after a period of time, or established connection failed because connected host has failed to respond
ERROR 2024-05-26 00:59:04,409 Authentication assets.py 33 getMenteeDetails message - Error saving mentor details - name 'userDetails' is not defined
ERROR 2024-05-26 01:11:35,965 Authentication assets.py 33 user_login message - Error while Login  unsupported operand type(s) for +: 'NoneType' and 'NoneType'
ERROR 2024-05-26 01:16:13,425 Authentication assets.py 33 user_login message - Invalid Credentials
ERROR 2024-05-26 01:31:40,542 profile_details assets.py 19 mentor_details message - Error while fetching details
ERROR 2024-05-26 01:32:44,728 profile_details assets.py 19 mentor_details message - Error while fetching details
ERROR 2024-05-26 01:32:53,369 profile_details assets.py 19 mentor_details message - Error while fetching details
ERROR 2024-05-26 01:33:30,711 Authentication assets.py 33 getMenteeDetails message - Error saving mentor details - name 'userDetails' is not defined
ERROR 2024-05-26 01:34:06,572 Authentication assets.py 33 getMenteeDetails message - Error saving mentor details - 'QuerySet' object has no attribute 'user_type'
ERROR 2024-05-26 01:35:15,584 Authentication assets.py 33 getMenteeDetails message - Error saving mentor details - 'QuerySet' object has no attribute 'user_type'
ERROR 2024-05-26 01:36:05,287 Authentication assets.py 33 getMenteeDetails message - Error saving mentor details - 'QuerySet' object has no attribute 'jwt'
ERROR 2024-05-26 01:36:27,524 Authentication assets.py 33 getMenteeDetails message - Error saving mentor details - list index out of range
ERROR 2024-05-26 01:37:14,917 Authentication assets.py 33 getMenteeDetails message - Error saving mentor details - list index out of range
ERROR 2024-05-26 01:37:37,108 Authentication assets.py 33 getMenteeDetails message - Error saving mentor details - 'NoneType' object is not subscriptable
ERROR 2024-05-26 01:51:42,101 Authentication assets.py 33 getMenteeDetails message - Error saving mentor details - 'NoneType' object is not subscriptable
ERROR 2024-05-26 01:52:11,566 Authentication assets.py 33 getMenteeDetails message - Error saving mentor details - 'NoneType' object is not subscriptable
ERROR 2024-05-26 01:52:41,110 Authentication assets.py 33 getMenteeDetails message - Error saving mentor details - 'NoneType' object is not subscriptable
ERROR 2024-05-26 01:53:15,177 Authentication assets.py 33 getMenteeDetails message - Error saving mentor details - 'NoneType' object is not subscriptable
ERROR 2024-05-26 01:53:48,092 Authentication assets.py 33 getMenteeDetails message - Error saving mentor details - 'AuthToken' object is not iterable
ERROR 2024-05-26 01:54:03,352 Authentication assets.py 33 getMenteeDetails message - Error saving mentor details - 'AuthToken' object has no attribute 'jwt'
ERROR 2024-05-26 01:54:28,630 Authentication assets.py 33 getMenteeDetails message - Error saving mentor details - 'AuthToken' object has no attribute 'referenced_id'
ERROR 2024-05-26 01:54:52,974 Authentication assets.py 33 getMenteeDetails message - Error saving mentor details - 'AuthToken' object has no attribute 'referencedId'
ERROR 2024-05-26 01:55:04,804 Authentication assets.py 33 getMenteeDetails message - Error saving mentor details - Mentee matching query does not exist.
ERROR 2024-05-26 01:55:36,771 Authentication assets.py 33 getMenteeDetails message - Error saving mentor details - Mentee matching query does not exist.
ERROR 2024-05-26 01:56:02,488 Authentication assets.py 33 getMenteeDetails message - Error saving mentor details - Mentee matching query does not exist.
ERROR 2024-05-26 01:56:21,324 Authentication assets.py 33 getMenteeDetails message - Error saving mentor details - Mentee matching query does not exist.
WARNING 2024-05-26 01:56:54,517 Authentication assets.py 31 getMenteeDetails message - Email not verified
WARNING 2024-05-26 02:00:41,795 Authentication assets.py 31 getMenteeDetails message - Email not verified
ERROR 2024-05-26 02:04:43,372 Authentication assets.py 33 MentorSignup message - Error creating a mentor[WinError 10060] A connection attempt failed because the connected party did not properly respond after a period of time, or established connection failed because connected host has failed to respond
WARNING 2024-05-26 02:05:05,763 Authentication assets.py 31 MentorSignup message - Email already exists
ERROR 2024-05-26 02:05:42,148 Authentication assets.py 33 getMentorDetails message - Error saving mentor details - Mentor matching query does not exist.
ERROR 2024-05-26 02:05:58,387 Authentication assets.py 33 getMentorDetails message - Error saving mentor details - 'id'
WARNING 2024-05-26 02:06:55,880 Authentication assets.py 31 getMentorDetails message - Email not verified
ERROR 2024-05-27 21:24:45,757 Authentication assets.py 33 getMentorDetails message - Error saving mentor details - Cannot resolve keyword '4' into field. Choices are: areas_of_expertise, availabesession, bio, city, company, country, created_at, date_of_birth, designation, email_id, experience, first_name, gender, id, is_email_verified, is_experience, is_top_rated, languages, last_name, mentor_experience, number_of_likes, password, phone_number, profile_picture_url, session, testimonial
WARNING 2024-05-27 21:25:41,862 Authentication assets.py 31 getMentorDetails message - Email not verified
ERROR 2024-05-27 21:35:39,716 Sessions assets.py 14 createAvalableSession message - Error in creating available session insert or update on table "static_availabesession" violates foreign key constraint "static_availabesession_mentor_id_1ac2a4a0_fk_static_mentor_id"
DETAIL:  Key (mentor_id)=(33) is not present in table "static_mentor".

ERROR 2024-05-27 22:35:31,994 Authentication assets.py 33 getMentorDetails message - Error saving mentor details - list index out of range
ERROR 2024-05-27 22:35:52,026 Authentication assets.py 33 getMentorDetails message - Error saving mentor details - list index out of range
ERROR 2024-05-27 22:52:42,062 Authentication assets.py 33 getMentorDetails message - Error saving mentor details - list index out of range
ERROR 2024-05-27 22:53:35,624 Authentication assets.py 33 getMentorDetails message - Error saving mentor details - list index out of range
ERROR 2024-05-27 22:54:29,792 Authentication assets.py 33 getMentorDetails message - Error saving mentor details - list index out of range
ERROR 2024-05-27 22:54:55,761 Authentication assets.py 33 getMentorDetails message - Error saving mentor details - list index out of range
ERROR 2024-05-27 22:57:05,863 Authentication assets.py 33 getMentorDetails message - Error saving mentor details - list index out of range
ERROR 2024-05-27 22:57:23,595 Authentication assets.py 33 getMentorDetails message - Error saving mentor details - list index out of range
ERROR 2024-05-27 22:57:34,782 Authentication assets.py 33 getMentorDetails message - Error saving mentor details - list index out of range
WARNING 2024-05-27 22:58:00,258 Authentication assets.py 31 getMentorDetails message - Email not verified
WARNING 2024-05-27 23:00:20,161 Authentication assets.py 31 getMentorDetails message - Email not verified
WARNING 2024-05-27 23:11:35,086 Authentication assets.py 31 MentorSignup message - Email already exists
ERROR 2024-05-27 23:39:12,555 Authentication assets.py 33 getMenteeDetails message - Error saving mentor details - 'id'
WARNING 2024-05-27 23:39:44,651 Authentication assets.py 31 getMenteeDetails message - Email not verified
ERROR 2024-05-27 23:39:59,580 Authentication assets.py 33 VerifyMentee message - Error verifying email Mentee matching query does not exist.
ERROR 2024-05-27 23:41:08,168 Authentication assets.py 33 VerifyMentee message - Error verifying email Mentee matching query does not exist.
ERROR 2024-05-27 23:41:09,059 Authentication assets.py 33 VerifyMentee message - Error verifying email Mentee matching query does not exist.
ERROR 2024-05-27 23:41:09,383 Authentication assets.py 33 VerifyMentee message - Error verifying email Mentee matching query does not exist.
ERROR 2024-05-27 23:41:09,609 Authentication assets.py 33 VerifyMentee message - Error verifying email Mentee matching query does not exist.
ERROR 2024-05-27 23:41:10,569 Authentication assets.py 33 VerifyMentee message - Error verifying email Mentee matching query does not exist.
ERROR 2024-05-27 23:41:10,786 Authentication assets.py 33 VerifyMentee message - Error verifying email Mentee matching query does not exist.
ERROR 2024-05-27 23:41:10,964 Authentication assets.py 33 VerifyMentee message - Error verifying email Mentee matching query does not exist.
ERROR 2024-05-27 23:41:23,243 Authentication assets.py 33 VerifyMentee message - Error verifying email Mentee matching query does not exist.
ERROR 2024-05-27 23:43:40,664 Authentication assets.py 33 getMenteeDetails message - Error saving mentor details - Mentee matching query does not exist.
ERROR 2024-05-27 23:44:46,723 Authentication assets.py 33 getMenteeDetails message - Error saving mentor details - list index out of range
ERROR 2024-05-27 23:45:17,167 Authentication assets.py 33 getMenteeDetails message - Error saving mentor details - list index out of range
ERROR 2024-05-28 22:15:03,590 Authentication assets.py 33 user_login message - Invalid user_role
WARNING 2024-05-28 22:15:27,037 Authentication assets.py 31 user_login message - User Not Found
WARNING 2024-05-28 22:15:38,292 Authentication assets.py 31 user_login message - User Not Found
WARNING 2024-05-28 22:16:02,562 Authentication assets.py 31 user_login message - User Not Found
WARNING 2024-05-28 22:16:14,124 Authentication assets.py 31 user_login message - User Not Found
ERROR 2024-05-28 22:17:01,336 Authentication assets.py 33 user_login message - Error while Login  unsupported operand type(s) for +: 'NoneType' and 'NoneType'
WARNING 2024-05-28 22:18:27,243 Authentication assets.py 31 getMentorDetails message - Email not verified
ERROR 2024-05-30 21:12:24,704 profile_details assets.py 19 listAllMentors message - Error in list mentorsHTTPConnectionPool(host='tinyurl.com', port=80): Read timed out. (read timeout=2)
WARNING 2024-06-03 22:24:02,255 Authentication assets.py 31 getMenteeDetails message - Email not verified
ERROR 2024-06-03 22:37:18,318 Authentication assets.py 33 getMenteeDetails message - Error saving mentor details - Mentee matching query does not exist.
WARNING 2024-06-04 22:55:56,520 Authentication assets.py 31 getMentorDetails message - Email not verified
ERROR 2024-06-05 00:27:54,405 Authentication assets.py 33 MentorSignup message - Error creating a mentorUnsupported media type "text/plain;charset=UTF-8" in request.
ERROR 2024-06-05 00:32:40,527 Authentication assets.py 33 MentorSignup message - Error creating a mentorUnsupported media type "text/plain;charset=UTF-8" in request.
ERROR 2024-06-05 00:32:40,527 Authentication assets.py 33 MentorSignup message - Error creating a mentorUnsupported media type "text/plain;charset=UTF-8" in request.
ERROR 2024-06-05 00:39:26,254 Authentication assets.py 33 MentorSignup message - Error creating a mentorJSON parse error - Expecting value: line 1 column 2 (char 1)
ERROR 2024-06-05 00:39:26,255 Authentication assets.py 33 MentorSignup message - Error creating a mentorJSON parse error - Expecting value: line 1 column 2 (char 1)
ERROR 2024-06-05 00:40:09,096 Authentication assets.py 33 MentorSignup message - Error creating a mentor'email_id'
ERROR 2024-06-05 00:40:17,336 Authentication assets.py 33 MentorSignup message - Error creating a mentor'email_id'
ERROR 2024-06-05 00:40:17,367 Authentication assets.py 33 MentorSignup message - Error creating a mentor'email_id'
WARNING 2024-06-05 00:40:40,117 Authentication assets.py 31 MentorSignup message - invalid credentails for signup
WARNING 2024-06-05 00:40:45,225 Authentication assets.py 31 MentorSignup message - invalid credentails for signup
WARNING 2024-06-05 00:40:45,250 Authentication assets.py 31 MentorSignup message - invalid credentails for signup
WARNING 2024-06-05 01:01:56,466 Authentication assets.py 31 MentorSignup message - Email already exists
WARNING 2024-06-05 01:01:59,244 Authentication assets.py 31 MentorSignup message - Email already exists
WARNING 2024-06-05 01:01:59,531 Authentication assets.py 31 MentorSignup message - Email already exists
ERROR 2024-06-06 00:54:07,367 Sessions assets.py 14 createAvailableSession message - Error in creating available session insert or update on table "static_availabesession" violates foreign key constraint "static_availabesession_mentor_id_1ac2a4a0_fk_static_mentor_id"
DETAIL:  Key (mentor_id)=(46) is not present in table "static_mentor".

ERROR 2024-06-06 00:54:44,744 Sessions assets.py 14 createAvailableSession message - Error in creating available session insert or update on table "static_availabesession" violates foreign key constraint "static_availabesession_mentor_id_1ac2a4a0_fk_static_mentor_id"
DETAIL:  Key (mentor_id)=(46) is not present in table "static_mentor".

ERROR 2024-06-06 00:55:22,305 Sessions assets.py 14 createAvailableSession message - Error in creating available session insert or update on table "static_availabesession" violates foreign key constraint "static_availabesession_mentor_id_1ac2a4a0_fk_static_mentor_id"
DETAIL:  Key (mentor_id)=(46) is not present in table "static_mentor".

ERROR 2024-06-06 00:56:23,998 Sessions assets.py 14 createAvailableSession message - Error in creating available session insert or update on table "static_availabesession" violates foreign key constraint "static_availabesession_mentor_id_1ac2a4a0_fk_static_mentor_id"
DETAIL:  Key (mentor_id)=(46) is not present in table "static_mentor".

ERROR 2024-06-06 00:57:27,209 Sessions assets.py 14 createAvailableSession message - Error in creating available session insert or update on table "static_availabesession" violates foreign key constraint "static_availabesession_mentor_id_1ac2a4a0_fk_static_mentor_id"
DETAIL:  Key (mentor_id)=(46) is not present in table "static_mentor".

ERROR 2024-06-06 00:58:14,503 Sessions assets.py 14 createAvailableSession message - Error in creating available session insert or update on table "static_availabesession" violates foreign key constraint "static_availabesession_mentor_id_1ac2a4a0_fk_static_mentor_id"
DETAIL:  Key (mentor_id)=(46) is not present in table "static_mentor".

ERROR 2024-06-06 00:58:38,691 Sessions assets.py 14 createAvailableSession message - Error in creating available session insert or update on table "static_availabesession" violates foreign key constraint "static_availabesession_mentor_id_1ac2a4a0_fk_static_mentor_id"
DETAIL:  Key (mentor_id)=(46) is not present in table "static_mentor".

ERROR 2024-06-06 00:59:15,018 Sessions assets.py 14 createAvailableSession message - Error in creating available session insert or update on table "static_availabesession" violates foreign key constraint "static_availabesession_mentor_id_1ac2a4a0_fk_static_mentor_id"
DETAIL:  Key (mentor_id)=(46) is not present in table "static_mentor".

ERROR 2024-06-06 00:59:48,742 Sessions assets.py 14 createAvailableSession message - Error in creating available session insert or update on table "static_availabesession" violates foreign key constraint "static_availabesession_mentor_id_1ac2a4a0_fk_static_mentor_id"
DETAIL:  Key (mentor_id)=(46) is not present in table "static_mentor".

WARNING 2024-06-10 22:55:42,545 Authentication assets.py 32 MentorSignup message - invalid credentails for signup
WARNING 2024-06-10 22:55:47,663 Authentication assets.py 32 MentorSignup message - Email already exists
WARNING 2024-06-10 22:56:04,955 Authentication assets.py 32 MentorSignup message - Email already exists
ERROR 2024-06-11 00:47:56,317 Authentication assets.py 34 MentorSignup message - Error creating a mentor[WinError 10060] A connection attempt failed because the connected party did not properly respond after a period of time, or established connection failed because connected host has failed to respond
WARNING 2024-06-11 00:48:03,192 Authentication assets.py 32 MentorSignup message - Email already exists
ERROR 2024-06-11 00:48:41,448 Authentication assets.py 34 MentorSignup message - Error creating a mentor[WinError 10060] A connection attempt failed because the connected party did not properly respond after a period of time, or established connection failed because connected host has failed to respond
ERROR 2024-06-11 00:49:29,622 Authentication assets.py 34 MentorSignup message - Error creating a mentor[WinError 10060] A connection attempt failed because the connected party did not properly respond after a period of time, or established connection failed because connected host has failed to respond
ERROR 2024-06-11 00:50:55,664 Authentication assets.py 34 MentorSignup message - Error creating a mentor[WinError 10060] A connection attempt failed because the connected party did not properly respond after a period of time, or established connection failed because connected host has failed to respond
WARNING 2024-06-11 00:51:35,534 Authentication assets.py 32 MentorSignup message - Email already exists
ERROR 2024-06-11 00:51:40,787 Authentication assets.py 34 MentorSignup message - Error creating a mentor[WinError 10060] A connection attempt failed because the connected party did not properly respond after a period of time, or established connection failed because connected host has failed to respond
WARNING 2024-06-11 00:52:38,209 Authentication assets.py 32 user_login message - User Not Found
WARNING 2024-06-11 00:54:23,552 Authentication assets.py 32 user_login message - User Not Found
WARNING 2024-06-11 00:55:04,796 Authentication assets.py 32 user_login message - User Not Found
WARNING 2024-06-11 00:55:22,715 Authentication assets.py 32 user_login message - User Not Found
WARNING 2024-06-11 01:02:07,032 Authentication assets.py 32 getMenteeDetails message - Email not verified
ERROR 2024-06-11 01:14:05,315 profile_details assets.py 19 menteeDetails message - Error fetching mentee details
ERROR 2024-06-11 01:14:35,095 profile_details assets.py 19 menteeDetails message - Error fetching mentee details
ERROR 2024-06-11 01:17:09,195 Authentication assets.py 34 VerifyMentee message - Error verifying email 
ERROR 2024-06-11 01:18:17,148 profile_details assets.py 19 menteeDetails message - Error fetching mentee detailsunsupported operand type(s) for +: 'NoneType' and 'str'
ERROR 2024-06-11 01:48:39,780 Sessions assets.py 14 createAvailableSession message - Error returing the available sessions Field 'id' expected a number but got 'gAAAAABmVKypDipVJpqbQoCC0OsMNl9jiqQD37gfNJ3tV_nfM3onIy3acsV3GzDtNGiIE-iy2acMXVkoYZPq47WaklhjRASPtg=='.
ERROR 2024-06-11 01:51:42,470 Sessions assets.py 14 createAvailableSession message - Error returing the available sessions 'id'
ERROR 2024-06-11 01:52:41,426 Sessions assets.py 14 createAvailableSession message - Error returing the available sessions 'id'
ERROR 2024-06-11 01:52:57,306 Sessions assets.py 14 createAvailableSession message - Error returing the available sessions 'id'
ERROR 2024-06-11 01:54:14,474 profile_details assets.py 19 menteeDetails message - Error fetching mentee details'id'
ERROR 2024-06-11 01:58:06,627 profile_details assets.py 19 listAllMentors message - Error in list mentorsAvailabeSession matching query does not exist.
ERROR 2024-06-12 10:12:38,806 profile_details assets.py 19 listAllMentors message - Error in list mentorsname 'get_datetime' is not defined
ERROR 2024-06-13 18:08:02,676 profile_details assets.py 19 mentor_details message - Error while fetching details
ERROR 2024-06-13 18:09:46,818 profile_details assets.py 19 mentor_details message - Error while fetching details
ERROR 2024-06-13 18:10:39,233 profile_details assets.py 19 mentor_details message - Error while fetching details
ERROR 2024-06-13 18:11:19,902 profile_details assets.py 19 mentor_details message - Error while fetching details
ERROR 2024-06-13 22:09:17,608 profile_details assets.py 19 mentor_details message - Error while fetching details
WARNING 2024-06-13 22:19:55,050 Authentication assets.py 32 user_login message - User Not Found
WARNING 2024-06-13 22:20:32,172 Authentication assets.py 32 user_login message - User Not Found
WARNING 2024-06-13 22:21:06,457 Authentication assets.py 32 user_login message - User Not Found
ERROR 2024-06-13 23:04:34,312 Sessions assets.py 14 createAvailableSession message - Error in creating available session object of type 'bool' has no len()
ERROR 2024-06-13 23:05:10,864 Sessions assets.py 14 createAvailableSession message - Error in creating available session object of type 'bool' has no len()
ERROR 2024-06-14 22:35:38,706 Authentication assets.py 34 user_login message - Invalid Credentials
