DEBUG 2024-05-21 21:45:56,107 Authentication assets.py 29 MentorSignup message - Entered mentor-signup
DEBUG 2024-05-21 21:45:56,942 Authentication assets.py 29 MentorSignup message - signup successfull
ERROR 2024-05-21 21:45:56,952 Authentication assets.py 33 MentorSignup message - Error creating a mentorname 'urlsafe_base64_encode' is not defined
DEBUG 2024-05-21 21:46:50,931 Authentication assets.py 29 MentorSignup message - Entered mentor-signup
WARNING 2024-05-21 21:46:50,993 Authentication assets.py 31 MentorSignup message - Email already exists
DEBUG 2024-05-21 21:47:25,627 Authentication assets.py 29 MentorSignup message - Entered mentor-signup
DEBUG 2024-05-21 21:47:26,618 Authentication assets.py 29 MentorSignup message - signup successfull
ERROR 2024-05-21 21:47:26,638 Authentication assets.py 33 MentorSignup message - Error creating a mentorname 'urlsafe_base64_encode' is not defined
DEBUG 2024-05-21 21:49:28,758 Authentication assets.py 29 MentorSignup message - Entered mentor-signup
DEBUG 2024-05-21 21:49:29,721 Authentication assets.py 29 MentorSignup message - signup successfull
ERROR 2024-05-21 21:49:29,739 Authentication assets.py 33 MentorSignup message - Error creating a mentorname 'encryptData' is not defined
DEBUG 2024-05-21 21:50:03,897 Authentication assets.py 29 MentorSignup message - Entered mentor-signup
DEBUG 2024-05-21 21:50:04,786 Authentication assets.py 29 MentorSignup message - signup successfull
ERROR 2024-05-21 21:50:05,025 Authentication assets.py 33 MentorSignup message - Error creating a mentorname 'x' is not defined
DEBUG 2024-05-21 21:50:45,854 Authentication assets.py 28 MentorSignup message - Entered mentor-signup
DEBUG 2024-05-21 21:50:46,751 Authentication assets.py 28 MentorSignup message - signup successfull
DEBUG 2024-05-21 21:52:57,787 Authentication assets.py 28 MentorSignup message - Entered mentor-signup
DEBUG 2024-05-21 21:52:58,640 Authentication assets.py 28 MentorSignup message - signup successfull
ERROR 2024-05-21 21:52:58,674 Authentication assets.py 32 MentorSignup message - Error creating a mentorCould not parse the remainder: '-mail' from 'verify-mail'
DEBUG 2024-05-21 21:53:43,570 Authentication assets.py 28 MentorSignup message - Entered mentor-signup
DEBUG 2024-05-21 21:53:44,475 Authentication assets.py 28 MentorSignup message - signup successfull
DEBUG 2024-05-21 21:56:13,147 Authentication assets.py 28 MentorSignup message - Entered mentor-signup
WARNING 2024-05-21 21:56:13,345 Authentication assets.py 30 MentorSignup message - Email already exists
DEBUG 2024-05-21 21:56:27,636 Authentication assets.py 28 MentorSignup message - Entered mentor-signup
DEBUG 2024-05-21 21:56:28,069 Authentication assets.py 28 MentorSignup message - signup successfull
ERROR 2024-05-21 21:56:28,156 Authentication assets.py 32 MentorSignup message - Error creating a mentorCould not parse the remainder: ' + verifyMail' from 'BASE_URL + verifyMail'
DEBUG 2024-05-21 21:57:06,095 Authentication assets.py 28 MentorSignup message - Entered mentor-signup
DEBUG 2024-05-21 21:57:06,932 Authentication assets.py 28 MentorSignup message - signup successfull
DEBUG 2024-05-21 21:58:12,210 Authentication assets.py 28 MentorSignup message - Entered mentor-signup
WARNING 2024-05-21 21:58:12,368 Authentication assets.py 30 MentorSignup message - Email already exists
DEBUG 2024-05-21 21:58:28,377 Authentication assets.py 28 MentorSignup message - Entered mentor-signup
DEBUG 2024-05-21 21:58:29,485 Authentication assets.py 28 MentorSignup message - signup successfull
DEBUG 2024-05-21 21:59:46,826 Authentication assets.py 29 VerifyMentor message - Entered email verification mentor
DEBUG 2024-05-21 21:59:46,938 Authentication assets.py 29 VerifyMentor message - Email verification sucess for 43
DEBUG 2024-05-21 22:00:11,893 Authentication assets.py 29 getMentorDetails message - Entered mentor details endpoint
DEBUG 2024-05-21 22:00:11,993 Authentication assets.py 29 getMentorDetails message - success
DEBUG 2024-05-21 22:00:39,298 Authentication assets.py 29 MenteeSignup message - Entered mentee-signup
DEBUG 2024-05-21 22:00:40,183 Authentication assets.py 29 MenteeSignup message - signup successfull
DEBUG 2024-05-21 22:00:57,771 Authentication assets.py 29 getMenteeDetails message - Entered mentor details endpoint
WARNING 2024-05-21 22:00:57,841 Authentication assets.py 31 getMenteeDetails message - Email not verified
DEBUG 2024-05-21 22:01:08,836 Authentication assets.py 29 VerifyMentee message - Entered email verification of mentee
DEBUG 2024-05-21 22:01:08,911 Authentication assets.py 29 VerifyMentee message - Email verification sucess for 25
DEBUG 2024-05-21 22:01:14,140 Authentication assets.py 29 getMenteeDetails message - Entered mentor details endpoint
DEBUG 2024-05-21 22:01:14,310 Authentication assets.py 29 getMenteeDetails message - success
DEBUG 2024-05-21 22:01:21,950 profile_details assets.py 15 listAllMentors message - Entered list Mentors
DEBUG 2024-05-21 22:01:22,732 profile_details assets.py 15 listAllMentors message - Mentors listed successfully
DEBUG 2024-05-21 22:03:42,927 profile_details assets.py 15 menteeDetails message - Entered mentee details
DEBUG 2024-05-21 22:03:43,003 profile_details assets.py 15 menteeDetails message - Mentee details provided sucessfully
DEBUG 2024-05-21 22:11:56,972 Authentication assets.py 29 user_login message - Entered User-Login 
ERROR 2024-05-21 22:11:56,983 Authentication assets.py 33 user_login message - Error while Login  JSON parse error - Expecting ':' delimiter: line 4 column 17 (char 100)
DEBUG 2024-05-21 22:12:27,578 Authentication assets.py 29 user_login message - Entered User-Login 
DEBUG 2024-05-21 22:12:27,677 Authentication assets.py 29 user_login message - User is Mentor
ERROR 2024-05-21 22:12:27,689 Authentication assets.py 33 user_login message - Invalid Credentials
DEBUG 2024-05-21 22:13:24,796 Authentication assets.py 29 user_login message - Entered User-Login 
DEBUG 2024-05-21 22:13:24,880 Authentication assets.py 29 user_login message - User is Mentor
ERROR 2024-05-21 22:13:25,250 Authentication assets.py 33 user_login message - Error while Login  name 'get_or_create_jwt' is not defined
DEBUG 2024-05-21 22:19:58,577 Authentication assets.py 29 user_login message - Entered User-Login 
DEBUG 2024-05-21 22:19:58,677 Authentication assets.py 29 user_login message - User is Mentor
DEBUG 2024-05-21 22:19:59,596 Authentication assets.py 29 user_login message - User Logged In
DEBUG 2024-05-21 22:22:50,108 Authentication assets.py 29 user_login message - Entered User-Login 
DEBUG 2024-05-21 22:22:50,181 Authentication assets.py 29 user_login message - User is Mentor
DEBUG 2024-05-21 22:22:50,541 Authentication assets.py 29 user_login message - User Logged In
DEBUG 2024-05-25 18:59:39,053 profile_details assets.py 15 testimonials message - Entered testimonials endpoint
DEBUG 2024-05-25 18:59:56,037 profile_details assets.py 15 testimonials message - Entered testimonials endpoint
DEBUG 2024-05-25 19:00:49,226 profile_details assets.py 15 testimonials message - Entered testimonials endpoint
DEBUG 2024-05-25 19:01:19,179 profile_details assets.py 15 testimonials message - Entered testimonials endpoint
DEBUG 2024-05-25 19:01:45,182 profile_details assets.py 15 testimonials message - Entered testimonials endpoint
DEBUG 2024-05-25 19:02:20,342 profile_details assets.py 15 testimonials message - Entered testimonials endpoint
DEBUG 2024-05-25 19:04:23,414 profile_details assets.py 15 testimonials message - Entered testimonials endpoint
DEBUG 2024-05-25 19:04:52,404 profile_details assets.py 15 testimonials message - Entered testimonials endpoint
DEBUG 2024-05-25 19:06:12,387 profile_details assets.py 15 testimonials message - Entered testimonials endpoint
DEBUG 2024-05-25 19:06:35,021 profile_details assets.py 15 testimonials message - Entered testimonials endpoint
DEBUG 2024-05-25 19:09:15,212 profile_details assets.py 15 testimonials message - Entered testimonials endpoint
DEBUG 2024-05-25 19:09:59,722 profile_details assets.py 15 testimonials message - Entered testimonials endpoint
DEBUG 2024-05-25 23:50:50,457 Authentication assets.py 29 MenteeSignup message - Entered mentee-signup
DEBUG 2024-05-25 23:50:55,689 Authentication assets.py 29 MenteeSignup message - signup successfull
DEBUG 2024-05-25 23:52:50,549 Authentication assets.py 29 MenteeSignup message - Entered mentee-signup
DEBUG 2024-05-25 23:52:55,149 Authentication assets.py 29 MenteeSignup message - signup successfull
DEBUG 2024-05-26 00:11:16,450 Authentication assets.py 29 VerifyMentee message - Entered email verification of mentee
ERROR 2024-05-26 00:11:16,594 Authentication assets.py 33 VerifyMentee message - Error verifying email Mentee matching query does not exist.
DEBUG 2024-05-26 00:13:29,598 Authentication assets.py 29 VerifyMentee message - Entered email verification of mentee
DEBUG 2024-05-26 00:13:29,665 Authentication assets.py 29 VerifyMentee message - Email verification sucess for 27
DEBUG 2024-05-26 00:19:27,073 Authentication assets.py 29 MenteeSignup message - Entered mentee-signup
DEBUG 2024-05-26 00:19:27,120 Authentication assets.py 29 MenteeSignup message - Email already exists as a mentee
DEBUG 2024-05-26 00:20:11,832 Authentication assets.py 29 MenteeSignup message - Entered mentee-signup
DEBUG 2024-05-26 00:20:23,501 Authentication assets.py 29 MenteeSignup message - signup successfull
DEBUG 2024-05-26 00:25:50,157 Authentication assets.py 29 getMenteeDetails message - Entered mentor details endpoint
WARNING 2024-05-26 00:25:50,221 Authentication assets.py 31 getMenteeDetails message - Email not verified
DEBUG 2024-05-26 00:26:12,016 Authentication assets.py 29 getMenteeDetails message - Entered mentor details endpoint
WARNING 2024-05-26 00:26:12,077 Authentication assets.py 31 getMenteeDetails message - Email not verified
DEBUG 2024-05-26 00:26:27,998 Authentication assets.py 29 getMenteeDetails message - Entered mentor details endpoint
WARNING 2024-05-26 00:26:28,067 Authentication assets.py 31 getMenteeDetails message - Email not verified
DEBUG 2024-05-26 00:27:25,205 Authentication assets.py 29 getMenteeDetails message - Entered mentor details endpoint
WARNING 2024-05-26 00:27:25,269 Authentication assets.py 31 getMenteeDetails message - Email not verified
DEBUG 2024-05-26 00:27:43,271 Authentication assets.py 29 getMenteeDetails message - Entered mentor details endpoint
WARNING 2024-05-26 00:27:43,334 Authentication assets.py 31 getMenteeDetails message - Email not verified
DEBUG 2024-05-26 00:27:58,245 Authentication assets.py 29 getMenteeDetails message - Entered mentor details endpoint
ERROR 2024-05-26 00:27:58,305 Authentication assets.py 33 getMenteeDetails message - Error saving mentor details - 'QuerySet' object has no attribute 'user_type'
DEBUG 2024-05-26 00:30:33,882 Authentication assets.py 29 MenteeSignup message - Entered mentee-signup
DEBUG 2024-05-26 00:30:39,078 Authentication assets.py 29 MenteeSignup message - signup successfull
DEBUG 2024-05-26 00:36:47,050 Authentication assets.py 29 MenteeSignup message - Entered mentee-signup
ERROR 2024-05-26 00:37:08,649 Authentication assets.py 33 MenteeSignup message - Error creating a mentee[WinError 10060] A connection attempt failed because the connected party did not properly respond after a period of time, or established connection failed because connected host has failed to respond
DEBUG 2024-05-26 00:37:12,534 Authentication assets.py 29 MenteeSignup message - Entered mentee-signup
DEBUG 2024-05-26 00:37:12,580 Authentication assets.py 29 MenteeSignup message - Email already exists as a mentee
DEBUG 2024-05-26 00:37:47,243 Authentication assets.py 29 MenteeSignup message - Entered mentee-signup
ERROR 2024-05-26 00:38:08,640 Authentication assets.py 33 MenteeSignup message - Error creating a mentee[WinError 10060] A connection attempt failed because the connected party did not properly respond after a period of time, or established connection failed because connected host has failed to respond
DEBUG 2024-05-26 00:38:31,905 Authentication assets.py 29 MenteeSignup message - Entered mentee-signup
DEBUG 2024-05-26 00:38:31,972 Authentication assets.py 29 MenteeSignup message - Email already exists as a mentee
DEBUG 2024-05-26 00:38:41,314 Authentication assets.py 29 MenteeSignup message - Entered mentee-signup
DEBUG 2024-05-26 00:38:41,761 Authentication assets.py 29 MenteeSignup message - signup successfull
DEBUG 2024-05-26 00:39:44,886 Authentication assets.py 29 getMenteeDetails message - Entered mentor details endpoint
DEBUG 2024-05-26 00:40:22,131 Authentication assets.py 29 getMenteeDetails message - Entered mentor details endpoint
DEBUG 2024-05-26 00:40:27,328 Authentication assets.py 29 getMenteeDetails message - Entered mentor details endpoint
DEBUG 2024-05-26 00:40:28,473 Authentication assets.py 29 getMenteeDetails message - Entered mentor details endpoint
DEBUG 2024-05-26 00:45:27,785 Authentication assets.py 29 MenteeSignup message - Entered mentee-signup
DEBUG 2024-05-26 00:45:28,171 Authentication assets.py 29 MenteeSignup message - signup successfull
DEBUG 2024-05-26 00:47:14,159 Authentication assets.py 29 getMenteeDetails message - Entered mentor details endpoint
DEBUG 2024-05-26 00:47:19,207 Authentication assets.py 29 getMenteeDetails message - Entered mentor details endpoint
DEBUG 2024-05-26 00:47:19,939 Authentication assets.py 29 getMenteeDetails message - Entered mentor details endpoint
DEBUG 2024-05-26 00:47:20,883 Authentication assets.py 29 getMenteeDetails message - Entered mentor details endpoint
DEBUG 2024-05-26 00:47:21,143 Authentication assets.py 29 getMenteeDetails message - Entered mentor details endpoint
DEBUG 2024-05-26 00:47:21,716 Authentication assets.py 29 getMenteeDetails message - Entered mentor details endpoint
DEBUG 2024-05-26 00:47:21,884 Authentication assets.py 29 getMenteeDetails message - Entered mentor details endpoint
DEBUG 2024-05-26 00:47:22,059 Authentication assets.py 29 getMenteeDetails message - Entered mentor details endpoint
DEBUG 2024-05-26 00:58:31,590 Authentication assets.py 29 getMenteeDetails message - Entered mentor details endpoint
DEBUG 2024-05-26 00:59:04,403 Authentication assets.py 29 getMenteeDetails message - Entered mentor details endpoint
ERROR 2024-05-26 00:59:04,409 Authentication assets.py 33 getMenteeDetails message - Error saving mentor details - name 'userDetails' is not defined
DEBUG 2024-05-26 01:01:01,046 Authentication assets.py 29 getMenteeDetails message - Entered mentor details endpoint
DEBUG 2024-05-26 01:01:10,709 Authentication assets.py 29 getMenteeDetails message - Entered mentor details endpoint
DEBUG 2024-05-26 01:11:35,653 Authentication assets.py 29 user_login message - Entered User-Login 
DEBUG 2024-05-26 01:11:35,704 Authentication assets.py 29 user_login message - User is Mentee
DEBUG 2024-05-26 01:11:35,962 Authentication assets.py 29 user_login message - User Logged In
ERROR 2024-05-26 01:11:35,965 Authentication assets.py 33 user_login message - Error while Login  unsupported operand type(s) for +: 'NoneType' and 'NoneType'
DEBUG 2024-05-26 01:12:45,272 Authentication assets.py 29 user_login message - Entered User-Login 
DEBUG 2024-05-26 01:12:45,323 Authentication assets.py 29 user_login message - User is Mentee
DEBUG 2024-05-26 01:12:45,577 Authentication assets.py 29 user_login message - User Logged In
DEBUG 2024-05-26 01:16:13,034 Authentication assets.py 29 user_login message - Entered User-Login 
DEBUG 2024-05-26 01:16:13,176 Authentication assets.py 29 user_login message - User is Mentor
ERROR 2024-05-26 01:16:13,425 Authentication assets.py 33 user_login message - Invalid Credentials
DEBUG 2024-05-26 01:16:29,426 Authentication assets.py 29 user_login message - Entered User-Login 
DEBUG 2024-05-26 01:16:29,473 Authentication assets.py 29 user_login message - User is Mentor
DEBUG 2024-05-26 01:16:29,780 Authentication assets.py 29 user_login message - User Logged In
DEBUG 2024-05-26 01:31:40,524 profile_details assets.py 15 mentor_details message - Entered mentor details
ERROR 2024-05-26 01:31:40,542 profile_details assets.py 19 mentor_details message - Error while fetching details
DEBUG 2024-05-26 01:32:44,716 profile_details assets.py 15 mentor_details message - Entered mentor details
ERROR 2024-05-26 01:32:44,728 profile_details assets.py 19 mentor_details message - Error while fetching details
DEBUG 2024-05-26 01:32:53,362 profile_details assets.py 15 mentor_details message - Entered mentor details
ERROR 2024-05-26 01:32:53,369 profile_details assets.py 19 mentor_details message - Error while fetching details
DEBUG 2024-05-26 01:33:30,669 Authentication assets.py 29 getMenteeDetails message - Entered mentor details endpoint
ERROR 2024-05-26 01:33:30,711 Authentication assets.py 33 getMenteeDetails message - Error saving mentor details - name 'userDetails' is not defined
DEBUG 2024-05-26 01:34:06,526 Authentication assets.py 29 getMenteeDetails message - Entered mentor details endpoint
ERROR 2024-05-26 01:34:06,572 Authentication assets.py 33 getMenteeDetails message - Error saving mentor details - 'QuerySet' object has no attribute 'user_type'
DEBUG 2024-05-26 01:35:15,529 Authentication assets.py 29 getMenteeDetails message - Entered mentor details endpoint
ERROR 2024-05-26 01:35:15,584 Authentication assets.py 33 getMenteeDetails message - Error saving mentor details - 'QuerySet' object has no attribute 'user_type'
DEBUG 2024-05-26 01:36:05,231 Authentication assets.py 29 getMenteeDetails message - Entered mentor details endpoint
ERROR 2024-05-26 01:36:05,287 Authentication assets.py 33 getMenteeDetails message - Error saving mentor details - 'QuerySet' object has no attribute 'jwt'
DEBUG 2024-05-26 01:36:27,473 Authentication assets.py 29 getMenteeDetails message - Entered mentor details endpoint
ERROR 2024-05-26 01:36:27,524 Authentication assets.py 33 getMenteeDetails message - Error saving mentor details - list index out of range
DEBUG 2024-05-26 01:37:14,868 Authentication assets.py 29 getMenteeDetails message - Entered mentor details endpoint
ERROR 2024-05-26 01:37:14,917 Authentication assets.py 33 getMenteeDetails message - Error saving mentor details - list index out of range
DEBUG 2024-05-26 01:37:37,052 Authentication assets.py 29 getMenteeDetails message - Entered mentor details endpoint
ERROR 2024-05-26 01:37:37,108 Authentication assets.py 33 getMenteeDetails message - Error saving mentor details - 'NoneType' object is not subscriptable
DEBUG 2024-05-26 01:38:36,006 Authentication assets.py 29 getMenteeDetails message - Entered mentor details endpoint
DEBUG 2024-05-26 01:49:27,666 Authentication assets.py 29 getMenteeDetails message - Entered mentor details endpoint
DEBUG 2024-05-26 01:49:44,466 Authentication assets.py 29 getMenteeDetails message - Entered mentor details endpoint
DEBUG 2024-05-26 01:50:32,631 Authentication assets.py 29 getMenteeDetails message - Entered mentor details endpoint
DEBUG 2024-05-26 01:51:00,202 Authentication assets.py 29 getMenteeDetails message - Entered mentor details endpoint
DEBUG 2024-05-26 01:51:42,053 Authentication assets.py 29 getMenteeDetails message - Entered mentor details endpoint
ERROR 2024-05-26 01:51:42,101 Authentication assets.py 33 getMenteeDetails message - Error saving mentor details - 'NoneType' object is not subscriptable
DEBUG 2024-05-26 01:52:11,523 Authentication assets.py 29 getMenteeDetails message - Entered mentor details endpoint
ERROR 2024-05-26 01:52:11,566 Authentication assets.py 33 getMenteeDetails message - Error saving mentor details - 'NoneType' object is not subscriptable
DEBUG 2024-05-26 01:52:41,062 Authentication assets.py 29 getMenteeDetails message - Entered mentor details endpoint
ERROR 2024-05-26 01:52:41,110 Authentication assets.py 33 getMenteeDetails message - Error saving mentor details - 'NoneType' object is not subscriptable
DEBUG 2024-05-26 01:53:15,137 Authentication assets.py 29 getMenteeDetails message - Entered mentor details endpoint
ERROR 2024-05-26 01:53:15,177 Authentication assets.py 33 getMenteeDetails message - Error saving mentor details - 'NoneType' object is not subscriptable
DEBUG 2024-05-26 01:53:48,048 Authentication assets.py 29 getMenteeDetails message - Entered mentor details endpoint
ERROR 2024-05-26 01:53:48,092 Authentication assets.py 33 getMenteeDetails message - Error saving mentor details - 'AuthToken' object is not iterable
DEBUG 2024-05-26 01:54:03,309 Authentication assets.py 29 getMenteeDetails message - Entered mentor details endpoint
ERROR 2024-05-26 01:54:03,352 Authentication assets.py 33 getMenteeDetails message - Error saving mentor details - 'AuthToken' object has no attribute 'jwt'
DEBUG 2024-05-26 01:54:28,573 Authentication assets.py 29 getMenteeDetails message - Entered mentor details endpoint
ERROR 2024-05-26 01:54:28,630 Authentication assets.py 33 getMenteeDetails message - Error saving mentor details - 'AuthToken' object has no attribute 'referenced_id'
DEBUG 2024-05-26 01:54:52,918 Authentication assets.py 29 getMenteeDetails message - Entered mentor details endpoint
ERROR 2024-05-26 01:54:52,974 Authentication assets.py 33 getMenteeDetails message - Error saving mentor details - 'AuthToken' object has no attribute 'referencedId'
DEBUG 2024-05-26 01:55:04,753 Authentication assets.py 29 getMenteeDetails message - Entered mentor details endpoint
ERROR 2024-05-26 01:55:04,804 Authentication assets.py 33 getMenteeDetails message - Error saving mentor details - Mentee matching query does not exist.
DEBUG 2024-05-26 01:55:36,721 Authentication assets.py 29 getMenteeDetails message - Entered mentor details endpoint
ERROR 2024-05-26 01:55:36,771 Authentication assets.py 33 getMenteeDetails message - Error saving mentor details - Mentee matching query does not exist.
DEBUG 2024-05-26 01:56:02,435 Authentication assets.py 29 getMenteeDetails message - Entered mentor details endpoint
ERROR 2024-05-26 01:56:02,488 Authentication assets.py 33 getMenteeDetails message - Error saving mentor details - Mentee matching query does not exist.
DEBUG 2024-05-26 01:56:21,271 Authentication assets.py 29 getMenteeDetails message - Entered mentor details endpoint
ERROR 2024-05-26 01:56:21,324 Authentication assets.py 33 getMenteeDetails message - Error saving mentor details - Mentee matching query does not exist.
DEBUG 2024-05-26 01:56:54,468 Authentication assets.py 29 getMenteeDetails message - Entered mentor details endpoint
WARNING 2024-05-26 01:56:54,517 Authentication assets.py 31 getMenteeDetails message - Email not verified
DEBUG 2024-05-26 01:57:03,504 Authentication assets.py 29 getMenteeDetails message - Entered mentor details endpoint
DEBUG 2024-05-26 01:57:03,559 Authentication assets.py 29 getMenteeDetails message - success
DEBUG 2024-05-26 01:58:24,765 Authentication assets.py 29 getMenteeDetails message - Entered mentor details endpoint
DEBUG 2024-05-26 01:58:24,822 Authentication assets.py 29 getMenteeDetails message - success
DEBUG 2024-05-26 02:00:00,244 Authentication assets.py 29 MenteeSignup message - Entered mentee-signup
DEBUG 2024-05-26 02:00:00,624 Authentication assets.py 29 MenteeSignup message - signup successfull
DEBUG 2024-05-26 02:00:41,738 Authentication assets.py 29 getMenteeDetails message - Entered mentor details endpoint
WARNING 2024-05-26 02:00:41,795 Authentication assets.py 31 getMenteeDetails message - Email not verified
DEBUG 2024-05-26 02:01:00,559 Authentication assets.py 29 getMenteeDetails message - Entered mentor details endpoint
DEBUG 2024-05-26 02:01:00,619 Authentication assets.py 29 getMenteeDetails message - success
DEBUG 2024-05-26 02:04:21,903 Authentication assets.py 29 MentorSignup message - Entered mentor-signup
DEBUG 2024-05-26 02:04:22,197 Authentication assets.py 29 MentorSignup message - signup successfull
ERROR 2024-05-26 02:04:43,372 Authentication assets.py 33 MentorSignup message - Error creating a mentor[WinError 10060] A connection attempt failed because the connected party did not properly respond after a period of time, or established connection failed because connected host has failed to respond
DEBUG 2024-05-26 02:05:05,723 Authentication assets.py 29 MentorSignup message - Entered mentor-signup
WARNING 2024-05-26 02:05:05,763 Authentication assets.py 31 MentorSignup message - Email already exists
DEBUG 2024-05-26 02:05:16,115 Authentication assets.py 29 MentorSignup message - Entered mentor-signup
DEBUG 2024-05-26 02:05:16,402 Authentication assets.py 29 MentorSignup message - signup successfull
DEBUG 2024-05-26 02:05:42,099 Authentication assets.py 29 getMentorDetails message - Entered mentor details endpoint
ERROR 2024-05-26 02:05:42,148 Authentication assets.py 33 getMentorDetails message - Error saving mentor details - Mentor matching query does not exist.
DEBUG 2024-05-26 02:05:58,383 Authentication assets.py 29 getMentorDetails message - Entered mentor details endpoint
ERROR 2024-05-26 02:05:58,387 Authentication assets.py 33 getMentorDetails message - Error saving mentor details - 'id'
DEBUG 2024-05-26 02:06:55,824 Authentication assets.py 29 getMentorDetails message - Entered mentor details endpoint
WARNING 2024-05-26 02:06:55,880 Authentication assets.py 31 getMentorDetails message - Email not verified
DEBUG 2024-05-26 02:07:07,262 Authentication assets.py 29 getMentorDetails message - Entered mentor details endpoint
DEBUG 2024-05-26 02:07:07,324 Authentication assets.py 29 getMentorDetails message - success
